<testsuites name="jest tests" tests="4" failures="4" time="2.257">
  <testsuite name="undefined" errors="0" failures="4" skipped="0" timestamp="2021-12-01T19:43:30" time="2.257" tests="4">
    <testcase classname=" testing add button functionality and table column with index 0" name=" testing add button functionality and table column with index 0" time="0.13">
      <failure>TestingLibraryElementError: Unable to find an element by: [data-testid=&quot;row-0&quot;]

&lt;body&gt;
  &lt;div&gt;
    &lt;div
      class=&quot;container my-2&quot;
    &gt;
      &lt;div
        class=&quot;mb-3&quot;
      &gt;
        &lt;textarea
          class=&quot;form-control&quot;
          id=&quot;mybox&quot;
          placeholder=&quot;Text to be converted....&quot;
          rows=&quot;5&quot;
        &gt;
          abc
        &lt;/textarea&gt;
      &lt;/div&gt;
      &lt;button
        class=&quot;btn btn-danger mx-2 my-1&quot;
        type=&quot;button&quot;
      &gt;
        Clear
      &lt;/button&gt;
      &lt;button
        class=&quot;btn btn-success mx-2 my-1&quot;
        type=&quot;button&quot;
      &gt;
        Add
      &lt;/button&gt;
    &lt;/div&gt;
    &lt;div
      class=&quot;container my-5&quot;
    &gt;
      &lt;h2&gt;
        Preview
      &lt;/h2&gt;
      &lt;table
        style=&quot;border: 2px solid black; width: 100%;&quot;
      &gt;
        &lt;tbody /&gt;
      &lt;/table&gt;
    &lt;/div&gt;
  &lt;/div&gt;
&lt;/body&gt;
    at Object.getElementError (D:\projects\JS\pesto2\node_modules\@testing-library\dom\dist\config.js:37:19)
    at D:\projects\JS\pesto2\node_modules\@testing-library\dom\dist\query-helpers.js:90:38
    at D:\projects\JS\pesto2\node_modules\@testing-library\dom\dist\query-helpers.js:62:17
    at getByTestId (D:\projects\JS\pesto2\node_modules\@testing-library\dom\dist\query-helpers.js:111:19)
    at Object.&lt;anonymous&gt; (D:\projects\JS\pesto2\src\App.test.js:11:26)
    at Promise.then.completed (D:\projects\JS\pesto2\node_modules\jest-circus\build\utils.js:276:28)
    at new Promise (&lt;anonymous&gt;)
    at callAsyncCircusFn (D:\projects\JS\pesto2\node_modules\jest-circus\build\utils.js:216:10)
    at _callCircusTest (D:\projects\JS\pesto2\node_modules\jest-circus\build\run.js:212:40)
    at processTicksAndRejections (internal/process/task_queues.js:95:5)
    at _runTest (D:\projects\JS\pesto2\node_modules\jest-circus\build\run.js:149:3)
    at _runTestsForDescribeBlock (D:\projects\JS\pesto2\node_modules\jest-circus\build\run.js:63:9)
    at run (D:\projects\JS\pesto2\node_modules\jest-circus\build\run.js:25:3)
    at runAndTransformResultsToJestFormat (D:\projects\JS\pesto2\node_modules\jest-circus\build\legacy-code-todo-rewrite\jestAdapterInit.js:176:21)
    at jestAdapter (D:\projects\JS\pesto2\node_modules\jest-circus\build\legacy-code-todo-rewrite\jestAdapter.js:109:19)
    at runTestInternal (D:\projects\JS\pesto2\node_modules\jest-runner\build\runTest.js:380:16)
    at runTest (D:\projects\JS\pesto2\node_modules\jest-runner\build\runTest.js:472:34)</failure>
    </testcase>
    <testcase classname=" testing add button functionality and table column with index 0 and index 1" name=" testing add button functionality and table column with index 0 and index 1" time="0.062">
      <failure>TestingLibraryElementError: Unable to find an element by: [data-testid=&quot;row-0&quot;]

&lt;body&gt;
  &lt;div&gt;
    &lt;div
      class=&quot;container my-2&quot;
    &gt;
      &lt;div
        class=&quot;mb-3&quot;
      &gt;
        &lt;textarea
          class=&quot;form-control&quot;
          id=&quot;mybox&quot;
          placeholder=&quot;Text to be converted....&quot;
          rows=&quot;5&quot;
        &gt;
          abcDEF
        &lt;/textarea&gt;
      &lt;/div&gt;
      &lt;button
        class=&quot;btn btn-danger mx-2 my-1&quot;
        type=&quot;button&quot;
      &gt;
        Clear
      &lt;/button&gt;
      &lt;button
        class=&quot;btn btn-success mx-2 my-1&quot;
        type=&quot;button&quot;
      &gt;
        Add
      &lt;/button&gt;
    &lt;/div&gt;
    &lt;div
      class=&quot;container my-5&quot;
    &gt;
      &lt;h2&gt;
        Preview
      &lt;/h2&gt;
      &lt;table
        style=&quot;border: 2px solid black; width: 100%;&quot;
      &gt;
        &lt;tbody /&gt;
      &lt;/table&gt;
    &lt;/div&gt;
  &lt;/div&gt;
&lt;/body&gt;
    at Object.getElementError (D:\projects\JS\pesto2\node_modules\@testing-library\dom\dist\config.js:37:19)
    at D:\projects\JS\pesto2\node_modules\@testing-library\dom\dist\query-helpers.js:90:38
    at D:\projects\JS\pesto2\node_modules\@testing-library\dom\dist\query-helpers.js:62:17
    at getByTestId (D:\projects\JS\pesto2\node_modules\@testing-library\dom\dist\query-helpers.js:111:19)
    at Object.&lt;anonymous&gt; (D:\projects\JS\pesto2\src\App.test.js:25:26)
    at Promise.then.completed (D:\projects\JS\pesto2\node_modules\jest-circus\build\utils.js:276:28)
    at new Promise (&lt;anonymous&gt;)
    at callAsyncCircusFn (D:\projects\JS\pesto2\node_modules\jest-circus\build\utils.js:216:10)
    at _callCircusTest (D:\projects\JS\pesto2\node_modules\jest-circus\build\run.js:212:40)
    at processTicksAndRejections (internal/process/task_queues.js:95:5)
    at _runTest (D:\projects\JS\pesto2\node_modules\jest-circus\build\run.js:149:3)
    at _runTestsForDescribeBlock (D:\projects\JS\pesto2\node_modules\jest-circus\build\run.js:63:9)
    at run (D:\projects\JS\pesto2\node_modules\jest-circus\build\run.js:25:3)
    at runAndTransformResultsToJestFormat (D:\projects\JS\pesto2\node_modules\jest-circus\build\legacy-code-todo-rewrite\jestAdapterInit.js:176:21)
    at jestAdapter (D:\projects\JS\pesto2\node_modules\jest-circus\build\legacy-code-todo-rewrite\jestAdapter.js:109:19)
    at runTestInternal (D:\projects\JS\pesto2\node_modules\jest-runner\build\runTest.js:380:16)
    at runTest (D:\projects\JS\pesto2\node_modules\jest-runner\build\runTest.js:472:34)</failure>
    </testcase>
    <testcase classname=" testing add button functionality and table column with index 0 and index 1 and index 2" name=" testing add button functionality and table column with index 0 and index 1 and index 2" time="0.075">
      <failure>TestingLibraryElementError: Unable to find an element by: [data-testid=&quot;row-0&quot;]

&lt;body&gt;
  &lt;div&gt;
    &lt;div
      class=&quot;container my-2&quot;
    &gt;
      &lt;div
        class=&quot;mb-3&quot;
      &gt;
        &lt;textarea
          class=&quot;form-control&quot;
          id=&quot;mybox&quot;
          placeholder=&quot;Text to be converted....&quot;
          rows=&quot;5&quot;
        &gt;
          abcDefjhsgdJ
        &lt;/textarea&gt;
      &lt;/div&gt;
      &lt;button
        class=&quot;btn btn-danger mx-2 my-1&quot;
        type=&quot;button&quot;
      &gt;
        Clear
      &lt;/button&gt;
      &lt;button
        class=&quot;btn btn-success mx-2 my-1&quot;
        type=&quot;button&quot;
      &gt;
        Add
      &lt;/button&gt;
    &lt;/div&gt;
    &lt;div
      class=&quot;container my-5&quot;
    &gt;
      &lt;h2&gt;
        Preview
      &lt;/h2&gt;
      &lt;table
        style=&quot;border: 2px solid black; width: 100%;&quot;
      &gt;
        &lt;tbody /&gt;
      &lt;/table&gt;
    &lt;/div&gt;
  &lt;/div&gt;
&lt;/body&gt;
    at Object.getElementError (D:\projects\JS\pesto2\node_modules\@testing-library\dom\dist\config.js:37:19)
    at D:\projects\JS\pesto2\node_modules\@testing-library\dom\dist\query-helpers.js:90:38
    at D:\projects\JS\pesto2\node_modules\@testing-library\dom\dist\query-helpers.js:62:17
    at getByTestId (D:\projects\JS\pesto2\node_modules\@testing-library\dom\dist\query-helpers.js:111:19)
    at Object.&lt;anonymous&gt; (D:\projects\JS\pesto2\src\App.test.js:47:26)
    at Promise.then.completed (D:\projects\JS\pesto2\node_modules\jest-circus\build\utils.js:276:28)
    at new Promise (&lt;anonymous&gt;)
    at callAsyncCircusFn (D:\projects\JS\pesto2\node_modules\jest-circus\build\utils.js:216:10)
    at _callCircusTest (D:\projects\JS\pesto2\node_modules\jest-circus\build\run.js:212:40)
    at processTicksAndRejections (internal/process/task_queues.js:95:5)
    at _runTest (D:\projects\JS\pesto2\node_modules\jest-circus\build\run.js:149:3)
    at _runTestsForDescribeBlock (D:\projects\JS\pesto2\node_modules\jest-circus\build\run.js:63:9)
    at run (D:\projects\JS\pesto2\node_modules\jest-circus\build\run.js:25:3)
    at runAndTransformResultsToJestFormat (D:\projects\JS\pesto2\node_modules\jest-circus\build\legacy-code-todo-rewrite\jestAdapterInit.js:176:21)
    at jestAdapter (D:\projects\JS\pesto2\node_modules\jest-circus\build\legacy-code-todo-rewrite\jestAdapter.js:109:19)
    at runTestInternal (D:\projects\JS\pesto2\node_modules\jest-runner\build\runTest.js:380:16)
    at runTest (D:\projects\JS\pesto2\node_modules\jest-runner\build\runTest.js:472:34)</failure>
    </testcase>
    <testcase classname=" testing clear button functionality and textbox value" name=" testing clear button functionality and textbox value" time="0.033">
      <failure>Error: expect(element).toHaveTextContent()

Checking with empty string will always match, use .toBeEmptyDOMElement() instead:

Received:
  abc
    at Object.&lt;anonymous&gt; (D:\projects\JS\pesto2\src\App.test.js:67:19)
    at Promise.then.completed (D:\projects\JS\pesto2\node_modules\jest-circus\build\utils.js:276:28)
    at new Promise (&lt;anonymous&gt;)
    at callAsyncCircusFn (D:\projects\JS\pesto2\node_modules\jest-circus\build\utils.js:216:10)
    at _callCircusTest (D:\projects\JS\pesto2\node_modules\jest-circus\build\run.js:212:40)
    at processTicksAndRejections (internal/process/task_queues.js:95:5)
    at _runTest (D:\projects\JS\pesto2\node_modules\jest-circus\build\run.js:149:3)
    at _runTestsForDescribeBlock (D:\projects\JS\pesto2\node_modules\jest-circus\build\run.js:63:9)
    at run (D:\projects\JS\pesto2\node_modules\jest-circus\build\run.js:25:3)
    at runAndTransformResultsToJestFormat (D:\projects\JS\pesto2\node_modules\jest-circus\build\legacy-code-todo-rewrite\jestAdapterInit.js:176:21)
    at jestAdapter (D:\projects\JS\pesto2\node_modules\jest-circus\build\legacy-code-todo-rewrite\jestAdapter.js:109:19)
    at runTestInternal (D:\projects\JS\pesto2\node_modules\jest-runner\build\runTest.js:380:16)
    at runTest (D:\projects\JS\pesto2\node_modules\jest-runner\build\runTest.js:472:34)</failure>
    </testcase>
  </testsuite>
</testsuites>